make all --print-data-base --no-builtin-variables --no-builtin-rules --question
# GNU Make 3.81
# Copyright (C) 2006  Free Software Foundation, Inc.
# This is free software; see the source for copying conditions.
# There is NO warranty; not even for MERCHANTABILITY or FITNESS FOR A
# PARTICULAR PURPOSE.

# This program built for i386-apple-darwin11.3.0
 
make: *** No rule to make target `all'.  Stop.


# Make data base, printed on Tue Jun  7 00:50:09 2022

# Variables

# automatic
<D = $(patsubst %/,%,$(dir $<))
# automatic
?F = $(notdir $?)
# environment
VIRTUALENVWRAPPER_PROJECT_FILENAME = .project
# environment
ELECTRON_NO_ATTACH_CONSOLE = 1
# environment
LIBCLANG_PATH = /Users/nat/.espressif/tools/xtensa-esp32-elf-clang/esp-13.0.0-20211203-aarch64-apple-darwin/lib/
# environment
LC_CTYPE = UTF-8
# environment
VSCODE_LOG_NATIVE = false
# environment
NVM_INC = /Users/nat/.nvm/versions/node/v16.15.0/include/node
# automatic
?D = $(patsubst %/,%,$(dir $?))
# environment
CPPFLAGS = -I/opt/homebrew/opt/tcl-tk/include
# environment
PLATFORMIO_IDE = 2.4.3
# environment
PLATFORMIO_CALLER = vscode
# automatic
@D = $(patsubst %/,%,$(dir $@))
# automatic
@F = $(notdir $@)
# makefile
CURDIR := /Users/nat/Code/github.com/nazt/esp32-jupiter
# makefile
SHELL = /bin/sh
# environment
VSCODE_NLS_CONFIG = {"locale":"en-us","availableLanguages":{},"_languagePackSupport":true}
# environment
_ = /usr/bin/make
# makefile
MAKEFILE_LIST := 
# environment
VSCODE_VERBOSE_LOGGING = true
# environment
__CFBundleIdentifier = com.microsoft.VSCode
# environment
INFOPATH = /opt/homebrew/share/info:
# environment
VSCODE_IPC_HOOK_EXTHOST = /var/folders/_d/0wcgrslj5kndd35snsvhpnmc0000gn/T/vscode-ipc-381d8aea-6297-4f9b-9827-3c25f6e8358a.sock
# environment
VSCODE_CWD = /Users/nat/Code/github.com/nazt/esp32-jupiter
# environment
NO_PROXY = 127.0.0.1
# environment
LSCOLORS = Gxfxcxdxbxegedabagacad
# environment
INFLUX2CSV_PATH = /Users/nat/Code/github.com/Laris-co/influx2csv-config/192.168.2.100.toml
# environment
VSCODE_HANDLES_UNCAUGHT_ERRORS = true
# environment
SDKMAN_DIR = /Users/nat/.sdkman
# environment
NVM_BIN = /Users/nat/.nvm/versions/node/v16.15.0/bin
# environment
VIRTUALENVWRAPPER_PYTHON = /opt/homebrew/bin/python3
# environment
LaunchInstanceID = 27C0B3FF-5C44-4E5F-A215-D6E91B129D4D
# environment
VSCODE_LOG_STACK = false
# environment
ELECTRON_RUN_AS_NODE = 1
# environment
LDFLAGS = -L/opt/homebrew/opt/tcl-tk/lib
# environment
ANDROID_HOME = /Users/nat/Library/Android/sdk
# default
.FEATURES := target-specific order-only second-expansion else-if archives jobserver check-symlink
# environment
VIRTUALENVWRAPPER_HOOK_DIR = /Users/nat/.virtualenvs
# environment
SSH_AUTH_SOCK = /private/tmp/com.apple.launchd.QbJKxUqPrb/Listeners
# automatic
%F = $(notdir $%)
# environment
VSCODE_PIPE_LOGGING = true
# environment
PWD = /Users/nat/Code/github.com/nazt/esp32-jupiter
# environment
HOMEBREW_CELLAR = /opt/homebrew/Cellar
# environment
ORIGINAL_XDG_CURRENT_DESKTOP = undefined
# environment
MANPATH = /Users/nat/.nvm/versions/node/v16.15.0/share/man:/opt/homebrew/share/man::
# environment
VSCODE_AMD_ENTRYPOINT = vs/workbench/api/node/extensionHostProcess
# environment
HOME = /Users/nat
# default
MAKEFILEPATH = $(shell /usr/bin/xcode-select -print-path 2>/dev/null || echo /Developer)/Makefiles
# environment
VSCODE_CLI = 1
# environment
VSCODE_CODE_CACHE_PATH = /Users/nat/Library/Application Support/Code/CachedData/c3511e6c69bb39013c4a4b7b9566ec1ca73fc4d5
# environment
LOGNAME = nat
# environment
APPLICATION_INSIGHTS_NO_DIAGNOSTIC_CHANNEL = 1
# environment
NVM_CD_FLAGS = -q
# environment
ZSH = /Users/nat/.oh-my-zsh
# environment
WORKON_HOME = /Users/nat/.virtualenvs
# automatic
^D = $(patsubst %/,%,$(dir $^))
# environment
PLATFORMIO_PATH = /Users/nat/.platformio/python3/bin:/Users/nat/.espressif/tools/xtensa-esp32-elf-clang/esp-13.0.0-20211203-aarch64-apple-darwin/bin/:/Applications:/Users/nat/.nvm/versions/node/v16.15.0/bin:/opt/homebrew/opt/openssl@3/bin:/Users/nat/.nvm/versions/node/v16.15.0/bin:/opt/homebrew/opt/influxdb@1/bin:/opt/homebrew/opt/gnu-getopt/bin:/opt/homebrew/opt/gnu-getopt/bin:/opt/homebrew/opt/node@14/bin:/opt/homebrew/opt/node@12/bin:/opt/homebrew/opt/node@14/bin:/Users/nat/google-cloud-sdk/bin:/Users/nat/opt/anaconda3/bin:/opt/homebrew/opt/krb5/sbin:/opt/homebrew/opt/krb5/bin:/opt/homebrew/opt/icu4c/sbin:/opt/homebrew/opt/icu4c/bin:/opt/homebrew/opt/tcl-tk/bin:/Users/nat/bin:/usr/local/bin:/Users/nat/.espressif/tools/xtensa-esp32-elf-clang/esp-13.0.0-20211203-aarch64-apple-darwin/bin/:/Applications:/opt/homebrew/opt/openssl@3/bin:/Users/nat/.nvm/versions/node/v16.15.0/bin:/opt/homebrew/opt/influxdb@1/bin:/opt/homebrew/opt/gnu-getopt/bin:/opt/homebrew/opt/gnu-getopt/bin:/opt/homebrew/opt/node@14/bin:/opt/homebrew/opt/node@12/bin:/opt/homebrew/opt/node@14/bin:/Users/nat/google-cloud-sdk/bin:/Users/nat/opt/anaconda3/bin:/opt/homebrew/opt/krb5/sbin:/opt/homebrew/opt/krb5/bin:/opt/homebrew/opt/icu4c/sbin:/opt/homebrew/opt/icu4c/bin:/opt/homebrew/opt/tcl-tk/bin:/Users/nat/bin:/usr/local/bin:/opt/homebrew/bin:/opt/homebrew/sbin:/usr/local/bin:/usr/bin:/bin:/usr/sbin:/sbin:/Library/Apple/usr/bin:/Users/nat/.cargo/bin:/Users/nat/flutter/bin:/Applications/ARM/bin:/Users/nat/Code/github.com/nazt/esp32-jupiter/flutter/bin:/Applications/ARM/bin
# environment
COLORTERM = truecolor
# default
MAKE = $(MAKE_COMMAND)
# environment
LC_TERMINAL = iTerm2
# environment
PATH = /Users/nat/.espressif/tools/xtensa-esp32-elf-clang/esp-13.0.0-20211203-aarch64-apple-darwin/bin/:/Applications:/Users/nat/.nvm/versions/node/v16.15.0/bin:/opt/homebrew/opt/openssl@3/bin:/Users/nat/.nvm/versions/node/v16.15.0/bin:/opt/homebrew/opt/influxdb@1/bin:/opt/homebrew/opt/gnu-getopt/bin:/opt/homebrew/opt/gnu-getopt/bin:/opt/homebrew/opt/node@14/bin:/opt/homebrew/opt/node@12/bin:/opt/homebrew/opt/node@14/bin:/Users/nat/google-cloud-sdk/bin:/Users/nat/opt/anaconda3/bin:/opt/homebrew/opt/krb5/sbin:/opt/homebrew/opt/krb5/bin:/opt/homebrew/opt/icu4c/sbin:/opt/homebrew/opt/icu4c/bin:/opt/homebrew/opt/tcl-tk/bin:/Users/nat/bin:/usr/local/bin:/Users/nat/.espressif/tools/xtensa-esp32-elf-clang/esp-13.0.0-20211203-aarch64-apple-darwin/bin/:/Applications:/opt/homebrew/opt/openssl@3/bin:/Users/nat/.nvm/versions/node/v16.15.0/bin:/opt/homebrew/opt/influxdb@1/bin:/opt/homebrew/opt/gnu-getopt/bin:/opt/homebrew/opt/gnu-getopt/bin:/opt/homebrew/opt/node@14/bin:/opt/homebrew/opt/node@12/bin:/opt/homebrew/opt/node@14/bin:/Users/nat/google-cloud-sdk/bin:/Users/nat/opt/anaconda3/bin:/opt/homebrew/opt/krb5/sbin:/opt/homebrew/opt/krb5/bin:/opt/homebrew/opt/icu4c/sbin:/opt/homebrew/opt/icu4c/bin:/opt/homebrew/opt/tcl-tk/bin:/Users/nat/bin:/usr/local/bin:/opt/homebrew/bin:/opt/homebrew/sbin:/usr/local/bin:/usr/bin:/bin:/usr/sbin:/sbin:/Library/Apple/usr/bin:/Users/nat/.cargo/bin:/Users/nat/flutter/bin:/Applications/ARM/bin:/Users/nat/Code/github.com/nazt/esp32-jupiter/flutter/bin:/Applications/ARM/bin
# environment
SHLVL = 4
# environment
XPC_FLAGS = 0x0
# default
MAKE_VERSION := 3.81
# environment
USER = nat
# makefile
.DEFAULT_GOAL := 
# default
MAKECMDGOALS := all
# environment
TERM_SESSION_ID = w20t2p0:4C27B035-2C54-4822-AB52-5B3C9B264296
# environment
LESS = -R
# automatic
%D = $(patsubst %/,%,$(dir $%))
# environment
PIP_USER = no
# default
MAKE_COMMAND := /Library/Developer/CommandLineTools/usr/bin/make
# environment
TERM_PROGRAM = iTerm.app
# default
.VARIABLES := 
# environment
TMPDIR = /var/folders/_d/0wcgrslj5kndd35snsvhpnmc0000gn/T/
# automatic
*F = $(notdir $*)
# environment
VSCODE_IPC_HOOK = /Users/nat/Library/Application Support/Code/1.67.2-main.sock
# makefile
MAKEFLAGS = Rrqp
# environment
MFLAGS = -Rrqp
# automatic
*D = $(patsubst %/,%,$(dir $*))
# environment
TERM_PROGRAM_VERSION = 3.4.15
# environment
NVM_DIR = /Users/nat/.nvm
# environment
XPC_SERVICE_NAME = application.com.microsoft.VSCode.284349290.284349297.A54AFBE1-5975-4E7D-98DD-6F666ABAB1B1
# environment
LC_TERMINAL_VERSION = 3.4.15
# environment
HOMEBREW_PREFIX = /opt/homebrew
# automatic
+D = $(patsubst %/,%,$(dir $+))
# automatic
+F = $(notdir $+)
# environment
ITERM_SESSION_ID = w20t2p0:4C27B035-2C54-4822-AB52-5B3C9B264296
# environment
HOMEBREW_REPOSITORY = /opt/homebrew
# environment
COLORFGBG = 7;0
# environment
__CF_USER_TEXT_ENCODING = 0x1F5:0x0:0x0
# environment
COMMAND_MODE = unix2003
# default
MAKEFILES := 
# environment
VIRTUALENVWRAPPER_WORKON_CD = 1
# automatic
<F = $(notdir $<)
# environment
ITERM_PROFILE = Default
# environment
VIRTUALENVWRAPPER_SCRIPT = /opt/homebrew/bin/virtualenvwrapper.sh
# environment
PAGER = less
 
# environment
ANDROID_SDK_ROOT = /Users/nat/Library/Android/sdk
# environment
LC_ALL = C
# environment
SECURITYSESSIONID = 186a5
# automatic
^F = $(notdir $^)
# default
SUFFIXES := 
# default
.INCLUDE_DIRS = /usr/local/include
# environment
ANDROID_AVD_HOME = /Users/nat/.android/avd
# environment
MAKELEVEL := 0
# environment
GHQ_LOOK = github.com/nazt/esp32-jupiter
# environment
LANG = C
# environment
TERM = xterm-256color
# environment
VSCODE_PID = 608
# variable set hash-table stats:
# Load=110/1024=11%, Rehash=0, Collisions=8/131=6%

# Pattern-specific Variable Values

# No pattern-specific variable values.

# Directories

# . (device 16777228, inode 294714373): 10 files, no impossibilities.

# 10 files, no impossibilities in 1 directories.

# Implicit Rules

# No implicit rules.

# Files

# Not a target:
all:
#  Command-line target.
#  Implicit rule search has been done.
#  File does not exist.
#  File has not been updated.
# variable set hash-table stats:
# Load=0/32=0%, Rehash=0, Collisions=0/0=0%

# Not a target:
.SUFFIXES:
#  Implicit rule search has not been done.
#  Modification time never checked.
#  File has not been updated.

# Not a target:
Makefile:
#  A default, MAKEFILES, or -include/sinclude makefile.
#  Implicit rule search has been done.
#  File does not exist.
#  File has been updated.
#  Failed to be updated.
# variable set hash-table stats:
# Load=0/32=0%, Rehash=0, Collisions=0/0=0%

# Not a target:
makefile:
#  A default, MAKEFILES, or -include/sinclude makefile.
#  Implicit rule search has been done.
#  File does not exist.
#  File has been updated.
#  Failed to be updated.
# variable set hash-table stats:
# Load=0/32=0%, Rehash=0, Collisions=0/0=0%

# Not a target:
.DEFAULT:
#  Implicit rule search has not been done.
#  Modification time never checked.
#  File has not been updated.

# Not a target:
GNUmakefile:
#  A default, MAKEFILES, or -include/sinclude makefile.
#  Implicit rule search has been done.
#  File does not exist.
#  File has been updated.
#  Failed to be updated.
# variable set hash-table stats:
# Load=0/32=0%, Rehash=0, Collisions=0/0=0%

# files hash-table stats:
# Load=6/1024=1%, Rehash=0, Collisions=0/17=0%
# VPATH Search Paths

# No `vpath' search paths.

# No general (`VPATH' variable) search path.

# # of strings in strcache: 0
# # of strcache buffers: 0
# strcache size: total = 0 / max = 0 / min = 4096 / avg = 0
# strcache free: total = 0 / max = 0 / min = 4096 / avg = 0

# Finished Make data base on Tue Jun  7 00:50:09 2022

 
